mode: set
bookings/internal/handlers/handlers.go:29.68,34.2 1 0
bookings/internal/handlers/handlers.go:37.51,42.2 1 1
bookings/internal/handlers/handlers.go:44.33,46.2 1 1
bookings/internal/handlers/handlers.go:49.69,52.2 1 1
bookings/internal/handlers/handlers.go:55.70,57.2 1 1
bookings/internal/handlers/handlers.go:59.72,61.2 1 1
bookings/internal/handlers/handlers.go:63.78,65.2 1 1
bookings/internal/handlers/handlers.go:67.81,69.2 1 1
bookings/internal/handlers/handlers.go:72.80,74.16 2 1
bookings/internal/handlers/handlers.go:80.2,85.16 5 1
bookings/internal/handlers/handlers.go:89.2,90.16 2 1
bookings/internal/handlers/handlers.go:95.2,113.19 8 1
bookings/internal/handlers/handlers.go:124.2,125.16 2 1
bookings/internal/handlers/handlers.go:131.2,139.16 3 1
bookings/internal/handlers/handlers.go:145.2,146.66 2 1
bookings/internal/handlers/handlers.go:74.16,78.3 3 1
bookings/internal/handlers/handlers.go:85.16,88.3 2 1
bookings/internal/handlers/handlers.go:90.16,93.3 2 1
bookings/internal/handlers/handlers.go:113.19,122.3 5 1
bookings/internal/handlers/handlers.go:125.16,129.3 3 1
bookings/internal/handlers/handlers.go:139.16,143.3 3 1
bookings/internal/handlers/handlers.go:149.80,151.9 2 1
bookings/internal/handlers/handlers.go:157.2,158.16 2 1
bookings/internal/handlers/handlers.go:163.2,182.4 11 1
bookings/internal/handlers/handlers.go:151.9,155.3 3 1
bookings/internal/handlers/handlers.go:158.16,162.3 3 1
bookings/internal/handlers/handlers.go:185.83,187.2 1 1
bookings/internal/handlers/handlers.go:189.81,202.21 10 0
bookings/internal/handlers/handlers.go:206.2,217.4 5 0
bookings/internal/handlers/handlers.go:202.21,205.3 2 0
bookings/internal/handlers/handlers.go:229.81,251.16 11 0
bookings/internal/handlers/handlers.go:256.2,257.21 2 0
bookings/internal/handlers/handlers.go:251.16,254.3 2 0
bookings/internal/handlers/handlers.go:261.83,263.9 2 0
bookings/internal/handlers/handlers.go:269.2,282.4 9 0
bookings/internal/handlers/handlers.go:263.9,268.3 4 0
bookings/internal/handlers/handlers.go:286.75,296.2 7 0
bookings/internal/handlers/handlers.go:299.73,319.2 15 0
bookings/internal/handlers/handlers.go:321.57,322.16 1 0
bookings/internal/handlers/handlers.go:322.16,325.3 2 0
bookings/internal/handlers/handlers.go:328.67,329.9 1 0
bookings/internal/handlers/handlers.go:329.9,331.3 1 0
bookings/internal/handlers/handlers.go:334.33,335.16 1 0
bookings/internal/handlers/handlers.go:335.16,337.3 1 0
